INFO:root:Entered the training module for subject ids: 1 & 2
INFO:root:Number of training examples, subject1_loss_sg, subject1_loss_cs subject2_loss_sg, subject2_loss_cs
INFO:root:2, 34.551458549499515, 11.669329929351807, 55.25797696113587, 103.15717086791992
INFO:root:7, 34.93885803222656, 11.466932916641236, 55.255148029327394, 106.14026641845703
INFO:root:12, 34.443380737304686, 10.219205284118653, 15.056208992004395, 97.43592147827148
INFO:root:17, 34.95276298522949, 10.777232360839843, 32.2762631893158, 101.58168182373046
INFO:root:22, 33.6012659072876, 10.045685338974, 16.687028312683104, 106.42414855957031
INFO:root:27, 34.83240814208985, 10.226117610931396, 32.44585704803467, 103.68936920166016
INFO:root:32, 35.283603477478025, 10.23788161277771, 32.5671365737915, 104.03611679077149
INFO:root:37, 34.526911926269534, 11.138317394256593, 15.449490833282471, 105.34547424316406
INFO:root:42, 34.59391860961914, 10.15428705215454, 13.830431270599366, 107.22027816772462
INFO:root:47, 33.52309093475342, 9.563357877731324, 33.031181526184085, 104.90312957763672
INFO:root:52, 34.313846015930174, 10.640770816802979, 32.034144115448, 105.6423355102539
INFO:root:57, 35.11986484527588, 10.659447574615479, 12.461370754241944, 102.98399963378907
INFO:root:62, 34.77845783233643, 11.011192893981933, 32.40937623977661, 105.4985855102539
INFO:root:67, 34.56768627166748, 10.30810112953186, 14.155146408081055, 105.56268157958985
INFO:root:72, 32.56275405883789, 8.802198219299317, 16.313455009460448, 105.72538375854492
INFO:root:77, 33.6274299621582, 10.977864027023315, 14.159438800811767, 106.46937637329101
INFO:root:82, 34.240229797363284, 10.816146564483642, 50.3478907585144, 98.15165710449219
INFO:root:87, 32.91112632751465, 10.876636457443237, 11.333026027679443, 97.42667846679687
